[debug] [2020-03-28T12:07:51.303Z] ----------------------------------------------------------------------
[debug] [2020-03-28T12:07:51.305Z] Command:       C:\Program Files\nodejs\node.exe C:\Users\EngMo\AppData\Roaming\npm\node_modules\firebase-tools\lib\bin\firebase.js init functionsexit
[debug] [2020-03-28T12:07:51.305Z] CLI Version:   7.12.0
[debug] [2020-03-28T12:07:51.305Z] Platform:      win32
[debug] [2020-03-28T12:07:51.305Z] Node Version:  v12.14.0
[debug] [2020-03-28T12:07:51.305Z] Time:          Sat Mar 28 2020 13:07:51 GMT+0100 (GMT+01:00)
[debug] [2020-03-28T12:07:51.305Z] ----------------------------------------------------------------------
[debug] [2020-03-28T12:07:51.305Z] 
[debug] [2020-03-28T12:07:51.312Z] > command requires scopes: ["email","openid","https://www.googleapis.com/auth/cloudplatformprojects.readonly","https://www.googleapis.com/auth/firebase","https://www.googleapis.com/auth/cloud-platform"]
[debug] [2020-03-28T12:07:51.312Z] > authorizing via signed-in user
[info] 
     ######## #### ########  ######## ########     ###     ######  ########
     ##        ##  ##     ## ##       ##     ##  ##   ##  ##       ##
     ######    ##  ########  ######   ########  #########  ######  ######
     ##        ##  ##    ##  ##       ##     ## ##     ##       ## ##
     ##       #### ##     ## ######## ########  ##     ##  ######  ########

You're about to initialize a Firebase project in this directory:

  C:\Users\EngMo\ProgrammingProject\Gas Project\GasProject

Before we get started, keep in mind:

  * You are initializing in an existing Firebase project directory

